[2026-02-25T23:37:48.869Z] seedSuperAdminData started
[2026-02-25T23:37:50.113Z] Existing tenants count: 0
[2026-02-25T23:37:50.115Z] Checking for super admin: admin@barmagly.com
[2026-02-26T00:25:29.245Z] seedSuperAdminData started
[2026-02-26T00:25:31.477Z] Existing tenants count: 3
[2026-02-26T00:26:39.501Z] Fetching Super Admin dashboard stats...
[2026-02-26T00:29:51.957Z] seedSuperAdminData started
[2026-02-26T00:29:54.124Z] Existing tenants count: 3
[2026-02-26T00:34:06.703Z] seedSuperAdminData started
[2026-02-26T00:34:10.647Z] Existing tenants count: 3
[2026-02-26T00:40:37.610Z] Fetching Super Admin dashboard stats...
[2026-02-26T00:44:50.258Z] Fetching Super Admin dashboard stats...
[2026-02-26T00:45:34.436Z] Fetching Super Admin dashboard stats...
[2026-02-26T00:55:08.320Z] seedSuperAdminData started
[2026-02-26T00:55:10.648Z] Existing tenants count: 3
[2026-02-26T00:56:29.304Z] Fetching Super Admin dashboard stats...
[2026-02-26T00:58:09.127Z] Fetching Super Admin dashboard stats...
[2026-02-26T00:59:49.854Z] seedSuperAdminData started
[2026-02-26T00:59:52.107Z] Existing tenants count: 3
[2026-02-26T01:00:45.588Z] seedSuperAdminData started
[2026-02-26T01:00:46.822Z] Existing tenants count: 3
[2026-02-26T01:01:22.912Z] Fetching Super Admin dashboard stats...
[2026-02-26T01:02:02.856Z] Fetching Super Admin dashboard stats...
[2026-02-26T01:03:44.609Z] seedSuperAdminData started
[2026-02-26T01:03:45.832Z] Existing tenants count: 3
[2026-02-26T01:04:47.711Z] seedSuperAdminData started
[2026-02-26T01:04:49.114Z] Existing tenants count: 3
[2026-02-26T01:04:49.412Z] seedSuperAdminData started
[2026-02-26T01:04:50.659Z] Existing tenants count: 3
[2026-02-26T01:05:34.023Z] seedSuperAdminData started
[2026-02-26T01:05:35.703Z] Existing tenants count: 3
[2026-02-26T01:07:00.646Z] seedSuperAdminData started
[2026-02-26T01:07:01.944Z] Existing tenants count: 3
[2026-02-26T01:25:50.746Z] seedSuperAdminData started
[2026-02-26T01:25:53.808Z] Existing tenants count: 3
[2026-02-26T01:29:32.628Z] Fetching Super Admin dashboard stats...
[2026-02-26T01:34:33.878Z] seedSuperAdminData started
[2026-02-26T01:34:37.582Z] Existing tenants count: 3
[2026-02-26T01:35:55.405Z] seedSuperAdminData started
[2026-02-26T01:35:58.355Z] Existing tenants count: 3
[2026-02-26T01:36:06.589Z] Fetching Super Admin dashboard stats...
[2026-02-26T01:41:10.035Z] Fetching Super Admin dashboard stats...
[2026-02-26T01:52:50.410Z] Fetching Super Admin dashboard stats...
[2026-02-26T01:53:29.495Z] Fetching Super Admin dashboard stats...
[2026-02-26T01:55:23.694Z] Fetching Super Admin dashboard stats...
[2026-02-26T02:05:56.094Z] Fetching Super Admin dashboard stats...
[2026-02-26T02:06:32.077Z] Fetching Super Admin dashboard stats...
[2026-02-26T02:16:03.334Z] seedSuperAdminData started
[2026-02-26T02:16:33.083Z] seedSuperAdminData started
[2026-02-26T02:21:26.476Z] seedSuperAdminData started
[2026-02-26T02:21:33.232Z] seedSuperAdminData started
[2026-02-26T02:21:55.352Z] seedSuperAdminData started
[2026-02-26T02:21:55.365Z] Existing tenants count: 0
[2026-02-26T02:21:55.365Z] Checking for super admin: admin@barmagly.com
[2026-02-26T02:21:55.391Z] Creating default branch for tenant 1
[2026-02-26T02:21:55.395Z] Creating default admin for tenant 1
[2026-02-26T02:21:55.416Z] Creating default branch for tenant 2
[2026-02-26T02:21:55.421Z] Creating default admin for tenant 2
[2026-02-26T02:21:55.440Z] Creating default branch for tenant 3
[2026-02-26T02:21:55.445Z] Creating default admin for tenant 3
[2026-02-26T02:23:19.240Z] seedSuperAdminData started
[2026-02-26T02:23:19.255Z] Existing tenants count: 3
[2026-02-26T07:42:51.130Z] seedSuperAdminData started
[2026-02-26T07:42:51.153Z] Existing tenants count: 3
[2026-02-26T13:24:45.659Z] seedSuperAdminData started
[2026-02-26T13:24:45.683Z] Existing tenants count: 3
[2026-02-26T13:25:57.346Z] seedSuperAdminData started
[2026-02-26T13:25:57.362Z] Existing tenants count: 3
[2026-02-26T13:26:42.734Z] seedSuperAdminData started
[2026-02-26T13:26:42.752Z] Existing tenants count: 3
[2026-02-26T13:27:24.754Z] seedSuperAdminData started
[2026-02-26T13:27:24.772Z] Existing tenants count: 3
[2026-02-26T13:28:01.348Z] seedSuperAdminData started
[2026-02-26T13:28:01.364Z] Existing tenants count: 3
[2026-02-26T13:28:26.232Z] seedSuperAdminData started
[2026-02-26T13:28:26.247Z] Existing tenants count: 3
[2026-02-26T13:28:54.137Z] seedSuperAdminData started
[2026-02-26T13:28:54.151Z] Existing tenants count: 3
[2026-02-26T13:29:19.355Z] seedSuperAdminData started
[2026-02-26T13:29:19.369Z] Existing tenants count: 3
[2026-02-26T13:29:49.758Z] seedSuperAdminData started
[2026-02-26T13:29:49.773Z] Existing tenants count: 3
[2026-02-26T13:30:26.303Z] seedSuperAdminData started
[2026-02-26T13:30:26.317Z] Existing tenants count: 3
[2026-02-26T13:31:09.674Z] seedSuperAdminData started
[2026-02-26T13:31:09.689Z] Existing tenants count: 3
[2026-02-26T13:31:49.790Z] seedSuperAdminData started
[2026-02-26T13:31:49.804Z] Existing tenants count: 3
[2026-02-26T13:32:32.360Z] seedSuperAdminData started
[2026-02-26T13:32:32.374Z] Existing tenants count: 3
[2026-02-26T13:33:15.914Z] seedSuperAdminData started
[2026-02-26T13:33:15.928Z] Existing tenants count: 3
[2026-02-26T13:34:09.848Z] seedSuperAdminData started
[2026-02-26T13:34:09.892Z] Existing tenants count: 3
[2026-02-26T13:34:37.944Z] seedSuperAdminData started
[2026-02-26T13:34:37.960Z] Existing tenants count: 3
